<?xml version="1.0" encoding="UTF-8"?>
<!-- Generated by org.testng.reporters.JUnitXMLReporter -->
<testsuite ignored="0" hostname="DESKTOP-1E6G8PN" failures="0" tests="3" name="Default test" time="1.519" errors="0" timestamp="2026-09-23T20:18:13 IST">
  <testcase classname="DataProviderUsingExcel.DataProviderUsingExcel" name="testCaseData" time="0.007"/>
  <testcase classname="DataProviderUsingExcel.DataProviderUsingExcel" name="testCaseData" time="0.004"/>
  <testcase classname="DataProviderUsingExcel.DataProviderUsingExcel" name="testCaseData" time="0.006"/>
</testsuite> <!-- Default test -->
