<?xml version="1.0" encoding="UTF-8"?>
<!-- Generated by org.testng.reporters.JUnitXMLReporter -->
<testsuite ignored="1" hostname="DESKTOP-1E6G8PN" failures="0" tests="2" name="Smoke" time="0.074" errors="0" timestamp="2026-01-13T00:21:06 IST">
  <testcase classname="TestNGTutorial.PrintingOnlyRequiredTestcases" name="num1" time="0.007"/>
  <testcase classname="TestNGTutorial.PrintingOnlyRequiredTestcases" name="num4" time="0.001"/>
  <testcase classname="TestNGTutorial.PrintingOnlyRequiredTestcases" name="num2" time="0.0">
    <ignored/>
  </testcase> <!-- num2 -->
</testsuite> <!-- Smoke -->
