<?xml version="1.0" encoding="UTF-8"?>
<!-- Generated by org.testng.reporters.JUnitXMLReporter -->
<testsuite ignored="0" hostname="DESKTOP-1E6G8PN" failures="1" tests="4" name="Test" time="0.098" errors="0" timestamp="2026-09-22T16:26:55 IST">
  <testcase classname="TestNGTutorial.Xml4_Listeners" name="S1" time="0.012"/>
  <testcase classname="TestNGTutorial.Xml4_Listeners" name="S2" time="0.012">
    <failure type="java.lang.AssertionError" message="expected [true] but found [false]">
      <![CDATA[java.lang.AssertionError: expected [true] but found [false]
at TestNGTutorial.Xml4_Listeners.S2(Xml4_Listeners.java:15)
at java.base/java.util.ArrayList.forEach(ArrayList.java:1511)
... Removed 31 stack frames]]>
    </failure>
  </testcase> <!-- S2 -->
  <testcase classname="TestNGTutorial.Xml4_Listeners" name="S3" time="0.002"/>
  <testcase classname="TestNGTutorial.Xml4_Listeners" name="S4" time="0.003"/>
</testsuite> <!-- Test -->
