<?xml version="1.0" encoding="UTF-8"?>
<testng-results ignored="0" total="3" passed="3" failed="0" skipped="0">
  <reporter-output>
  </reporter-output>
  <suite started-at="2026-09-23T20:18:12 IST" name="Default suite" finished-at="2026-09-23T20:18:13 IST" duration-ms="1519">
    <groups>
    </groups>
    <test started-at="2026-09-23T20:18:12 IST" name="Default test" finished-at="2026-09-23T20:18:13 IST" duration-ms="1519">
      <class name="DataProviderUsingExcel.DataProviderUsingExcel">
        <test-method signature="testCaseData(java.lang.String,java.lang.String,java.lang.String)[pri:0, instance:DataProviderUsingExcel.DataProviderUsingExcel@50b5ac82]" started-at="2026-09-23T20:18:13 IST" name="testCaseData" data-provider="drivetest" finished-at="2026-09-23T20:18:13 IST" duration-ms="7" status="PASS">
          <params>
            <param index="0">
              <value>
                <![CDATA[hello]]>
              </value>
            </param>
            <param index="1">
              <value>
                <![CDATA[text]]>
              </value>
            </param>
            <param index="2">
              <value>
                <![CDATA[1]]>
              </value>
            </param>
          </params>
          <reporter-output>
          </reporter-output>
        </test-method> <!-- testCaseData -->
        <test-method signature="testCaseData(java.lang.String,java.lang.String,java.lang.String)[pri:0, instance:DataProviderUsingExcel.DataProviderUsingExcel@50b5ac82]" started-at="2026-09-23T20:18:13 IST" name="testCaseData" data-provider="drivetest" finished-at="2026-09-23T20:18:13 IST" duration-ms="4" status="PASS">
          <params>
            <param index="0">
              <value>
                <![CDATA[bye]]>
              </value>
            </param>
            <param index="1">
              <value>
                <![CDATA[message]]>
              </value>
            </param>
            <param index="2">
              <value>
                <![CDATA[2]]>
              </value>
            </param>
          </params>
          <reporter-output>
          </reporter-output>
        </test-method> <!-- testCaseData -->
        <test-method signature="testCaseData(java.lang.String,java.lang.String,java.lang.String)[pri:0, instance:DataProviderUsingExcel.DataProviderUsingExcel@50b5ac82]" started-at="2026-09-23T20:18:13 IST" name="testCaseData" data-provider="drivetest" finished-at="2026-09-23T20:18:13 IST" duration-ms="6" status="PASS">
          <params>
            <param index="0">
              <value>
                <![CDATA[solo]]>
              </value>
            </param>
            <param index="1">
              <value>
                <![CDATA[nothing]]>
              </value>
            </param>
            <param index="2">
              <value>
                <![CDATA[3]]>
              </value>
            </param>
          </params>
          <reporter-output>
          </reporter-output>
        </test-method> <!-- testCaseData -->
      </class> <!-- DataProviderUsingExcel.DataProviderUsingExcel -->
    </test> <!-- Default test -->
  </suite> <!-- Default suite -->
</testng-results>
