<?xml version="1.0" encoding="UTF-8"?>
<!-- Generated by org.testng.reporters.JUnitReportReporter -->
<testsuite hostname="DESKTOP-1E6G8PN" failures="0" tests="6" name="TestNGTutorial.XML3" time="0.025" errors="0" timestamp="2026-01-13T23:30:11 IST" skipped="0">
  <testcase classname="TestNGTutorial.XML3" name="S8" time="0.005"/>
  <testcase classname="TestNGTutorial.XML3" name="S9" time="0.002"/>
  <testcase classname="TestNGTutorial.XML3" name="S1" time="0.008"/>
  <testcase classname="TestNGTutorial.XML3" name="S2" time="0.004"/>
  <testcase classname="TestNGTutorial.XML3" name="S3" time="0.004"/>
  <testcase classname="TestNGTutorial.XML3" name="S4" time="0.002"/>
</testsuite> <!-- TestNGTutorial.XML3 -->
