<?xml version="1.0" encoding="UTF-8"?>
<!-- Generated by org.testng.reporters.JUnitReportReporter -->
<testsuite hostname="DESKTOP-1E6G8PN" failures="0" tests="2" name="TestNGTutorial.PrintingOnlyRequiredTestcases" time="0.008" errors="0" timestamp="2026-01-13T00:21:06 IST" skipped="0">
  <testcase classname="TestNGTutorial.PrintingOnlyRequiredTestcases" name="num4" time="0.001"/>
  <testcase classname="TestNGTutorial.PrintingOnlyRequiredTestcases" name="num1" time="0.007"/>
</testsuite> <!-- TestNGTutorial.PrintingOnlyRequiredTestcases -->
