<?xml version="1.0" encoding="UTF-8"?>
<!-- Generated by org.testng.reporters.JUnitReportReporter -->
<testsuite hostname="DESKTOP-1E6G8PN" failures="0" tests="3" name="DataProviderUsingExcel.DataProviderUsingExcel" time="0.017" errors="0" timestamp="2026-09-23T20:18:14 IST" skipped="0">
  <testcase classname="DataProviderUsingExcel.DataProviderUsingExcel" name="testCaseData" time="0.004"/>
  <testcase classname="DataProviderUsingExcel.DataProviderUsingExcel" name="testCaseData" time="0.007"/>
  <testcase classname="DataProviderUsingExcel.DataProviderUsingExcel" name="testCaseData" time="0.006"/>
</testsuite> <!-- DataProviderUsingExcel.DataProviderUsingExcel -->
