<?xml version="1.0" encoding="UTF-8"?>
<!-- Generated by org.testng.reporters.JUnitReportReporter -->
<testsuite hostname="DESKTOP-1E6G8PN" failures="0" tests="3" name="Test.DataProviderUsingExcel" time="0.019" errors="0" timestamp="2026-09-23T18:24:20 IST" skipped="0">
  <testcase classname="Test.DataProviderUsingExcel" name="testCaseData" time="0.003"/>
  <testcase classname="Test.DataProviderUsingExcel" name="testCaseData" time="0.004"/>
  <testcase classname="Test.DataProviderUsingExcel" name="testCaseData" time="0.012"/>
</testsuite> <!-- Test.DataProviderUsingExcel -->
